<?xml version="1.0" encoding="UTF-8"?>
<!-- Generated by org.testng.reporters.JUnitReportReporter -->
<testsuite hostname="Akhils-MBP" failures="0" tests="1" name="com.tests.RegistrationTests" time="53.411" errors="0" timestamp="2023-11-26T14:29:08 GMT" skipped="0">
  <testcase classname="com.tests.RegistrationTests" name="tescase" time="53.411"/>
</testsuite> <!-- com.tests.RegistrationTests -->
